<?xml version="1.0" encoding="utf-8"?><testsuites name="pytest tests"><testsuite name="pytest" errors="0" failures="0" skipped="0" tests="7" time="136.931" timestamp="2026-02-16T21:40:49.415951+00:00" hostname="agent-env-50334174-d1f2-4ac9-b7ca-35bb57cb69b7"><testcase classname="backend.tests.test_cosmos_lunar_sign.TestCosmosLunarSign" name="test_api_health" time="0.235" /><testcase classname="backend.tests.test_cosmos_lunar_sign.TestCosmosLunarSign" name="test_create_profile_returns_lunar_sign" time="15.346" /><testcase classname="backend.tests.test_cosmos_lunar_sign.TestCosmosLunarSign" name="test_get_latest_profile_includes_lunar_sign" time="0.176" /><testcase classname="backend.tests.test_cosmos_lunar_sign.TestCosmosLunarSign" name="test_lunar_sign_fields_non_empty" time="21.824" /><testcase classname="backend.tests.test_cosmos_lunar_sign.TestCosmosLunarSign" name="test_different_birthdates_give_different_lunar_signs" time="60.231" /><testcase classname="backend.tests.test_cosmos_lunar_sign.TestArabicMansionsEnrichment" name="test_arabic_mansion_in_profile" time="17.613" /><testcase classname="backend.tests.test_cosmos_lunar_sign.TestCelticTreeEnrichment" name="test_celtic_tree_in_profile" time="21.460" /></testsuite></testsuites>