<?xml version="1.0" encoding="utf-8"?><testsuites name="pytest tests"><testsuite name="pytest" errors="0" failures="0" skipped="0" tests="10" time="3.177" timestamp="2026-02-18T20:43:18.449623+00:00" hostname="agent-env-bee38176-3543-450c-922c-ce218f2ca12c"><testcase classname="backend.tests.test_latence_iteration4.TestHealthCheck" name="test_api_root" time="0.181" /><testcase classname="backend.tests.test_latence_iteration4.TestLetterAPI" name="test_create_letter" time="0.121" /><testcase classname="backend.tests.test_latence_iteration4.TestLetterAPI" name="test_get_letters" time="0.153" /><testcase classname="backend.tests.test_latence_iteration4.TestCadenceAPI" name="test_get_daily_cadence" time="0.121" /><testcase classname="backend.tests.test_latence_iteration4.TestCadenceAPI" name="test_get_cadence_streak" time="0.169" /><testcase classname="backend.tests.test_latence_iteration4.TestCadenceAPI" name="test_complete_cadence_ritual" time="0.134" /><testcase classname="backend.tests.test_latence_iteration4.TestSacredQuoteAPI" name="test_get_sacred_quote" time="1.354" /><testcase classname="backend.tests.test_latence_iteration4.TestSacredQuoteAPI" name="test_get_sacred_text_by_mood" time="0.539" /><testcase classname="backend.tests.test_latence_iteration4.TestMoodAPI" name="test_create_mood" time="0.188" /><testcase classname="backend.tests.test_latence_iteration4.TestMoodAPI" name="test_get_latest_mood" time="0.153" /></testsuite></testsuites>