<?xml version="1.0" encoding="utf-8"?><testsuites name="pytest tests"><testsuite name="pytest" errors="0" failures="0" skipped="0" tests="6" time="40.422" timestamp="2026-02-16T19:01:02.751217+00:00" hostname="agent-env-dd44cae8-eeda-4b66-9195-847b432fe5ed"><testcase classname="backend.tests.test_iteration3_fixes.TestCapsuleDaysRemaining" name="test_capsules_list_has_days_remaining" time="0.443" /><testcase classname="backend.tests.test_iteration3_fixes.TestCapsuleDaysRemaining" name="test_capsule_detail_has_days_remaining" time="0.519" /><testcase classname="backend.tests.test_iteration3_fixes.TestCapsuleDaysRemaining" name="test_create_capsule_returns_proper_fields" time="0.190" /><testcase classname="backend.tests.test_iteration3_fixes.TestJournalInterpretAPI" name="test_journal_interpret_returns_interpretation" time="38.766" /><testcase classname="backend.tests.test_iteration3_fixes.TestDreamsAPI" name="test_dreams_list_loads" time="0.294" /><testcase classname="backend.tests.test_iteration3_fixes.TestHomePageAPI" name="test_daily_notification_has_moon_phase" time="0.155" /></testsuite></testsuites>