<?xml version="1.0" encoding="utf-8"?><testsuites name="pytest tests"><testsuite name="pytest" errors="0" failures="0" skipped="0" tests="11" time="60.170" timestamp="2026-02-18T12:10:41.581369+00:00" hostname="agent-env-6ee1e3a2-f195-48cd-b51b-6f1633e8df4a"><testcase classname="backend.tests.test_iteration4_features.TestLunarPhaseAPI" name="test_lunar_phase_returns_current_phase" time="0.185" /><testcase classname="backend.tests.test_iteration4_features.TestLunarRitualsAPI" name="test_generate_ritual_with_default_phase" time="7.862" /><testcase classname="backend.tests.test_iteration4_features.TestLunarRitualsAPI" name="test_generate_ritual_with_custom_intention" time="6.763" /><testcase classname="backend.tests.test_iteration4_features.TestLunarRitualsAPI" name="test_generate_ritual_various_phases" time="24.276" /><testcase classname="backend.tests.test_iteration4_features.TestDreamOracleAPI" name="test_dream_oracle_analyze_with_dreams" time="6.782" /><testcase classname="backend.tests.test_iteration4_features.TestDreamOracleAPI" name="test_dream_oracle_with_minimal_data" time="13.616" /><testcase classname="backend.tests.test_iteration4_features.TestExistingAPIsStillWorking" name="test_root_api" time="0.121" /><testcase classname="backend.tests.test_iteration4_features.TestExistingAPIsStillWorking" name="test_dreams_list" time="0.131" /><testcase classname="backend.tests.test_iteration4_features.TestExistingAPIsStillWorking" name="test_capsules_list" time="0.102" /><testcase classname="backend.tests.test_iteration4_features.TestExistingAPIsStillWorking" name="test_mood_latest" time="0.121" /><testcase classname="backend.tests.test_iteration4_features.TestExistingAPIsStillWorking" name="test_notifications_daily" time="0.105" /></testsuite></testsuites>