<?xml version="1.0" encoding="utf-8"?><testsuites name="pytest tests"><testsuite name="pytest" errors="0" failures="0" skipped="0" tests="13" time="34.491" timestamp="2026-02-19T12:53:19.519130+00:00" hostname="agent-env-6a5f7d96-75bd-48ce-9a55-7456f9890009"><testcase classname="backend.tests.test_soul_report_dream_dictionary.TestSoulReportAPI" name="test_get_latest_soul_report" time="0.221" /><testcase classname="backend.tests.test_soul_report_dream_dictionary.TestSoulReportAPI" name="test_get_all_soul_reports" time="0.124" /><testcase classname="backend.tests.test_soul_report_dream_dictionary.TestSoulReportAPI" name="test_generate_soul_report_french" time="9.242" /><testcase classname="backend.tests.test_soul_report_dream_dictionary.TestSoulReportAPI" name="test_generate_soul_report_english" time="7.731" /><testcase classname="backend.tests.test_soul_report_dream_dictionary.TestSoulReportAPI" name="test_generate_soul_report_spanish" time="6.326" /><testcase classname="backend.tests.test_soul_report_dream_dictionary.TestDreamDictionaryAPI" name="test_get_dream_dictionary" time="0.130" /><testcase classname="backend.tests.test_soul_report_dream_dictionary.TestDreamDictionaryAPI" name="test_add_dream_symbol" time="1.639" /><testcase classname="backend.tests.test_soul_report_dream_dictionary.TestDreamDictionaryAPI" name="test_add_existing_symbol_increments_count" time="2.092" /><testcase classname="backend.tests.test_soul_report_dream_dictionary.TestDreamDictionaryAPI" name="test_add_dream_symbol_english" time="4.333" /><testcase classname="backend.tests.test_soul_report_dream_dictionary.TestDreamDictionaryAPI" name="test_delete_dream_symbol" time="2.217" /><testcase classname="backend.tests.test_soul_report_dream_dictionary.TestSubscriptionPageVisibility" name="test_subscription_plans_endpoint" time="0.102" /><testcase classname="backend.tests.test_soul_report_dream_dictionary.TestSubscriptionPageVisibility" name="test_activate_lifetime_endpoint_exists" time="0.100" /><testcase classname="backend.tests.test_soul_report_dream_dictionary.TestAPIRoot" name="test_api_root" time="0.103" /></testsuite></testsuites>