<?xml version="1.0" encoding="utf-8"?><testsuites name="pytest tests"><testsuite name="pytest" errors="0" failures="0" skipped="0" tests="23" time="4.634" timestamp="2026-02-19T09:41:42.004848+00:00" hostname="agent-env-bee38176-3543-450c-922c-ce218f2ca12c"><testcase classname="backend.tests.test_payment_system.TestHealthAndPlans" name="test_api_health" time="0.286" /><testcase classname="backend.tests.test_payment_system.TestHealthAndPlans" name="test_subscription_plans" time="0.132" /><testcase classname="backend.tests.test_payment_system.TestHealthAndPlans" name="test_subscription_status_anonymous" time="0.096" /><testcase classname="backend.tests.test_payment_system.TestUserAuthentication" name="test_register_new_user" time="0.115" /><testcase classname="backend.tests.test_payment_system.TestUserAuthentication" name="test_register_duplicate_email" time="0.205" /><testcase classname="backend.tests.test_payment_system.TestUserAuthentication" name="test_login_success" time="0.215" /><testcase classname="backend.tests.test_payment_system.TestUserAuthentication" name="test_login_invalid_credentials" time="0.130" /><testcase classname="backend.tests.test_payment_system.TestUserAuthentication" name="test_get_me_authenticated" time="0.165" /><testcase classname="backend.tests.test_payment_system.TestUserAuthentication" name="test_get_me_unauthenticated" time="0.108" /><testcase classname="backend.tests.test_payment_system.TestAdminPanel" name="test_admin_login_success" time="0.106" /><testcase classname="backend.tests.test_payment_system.TestAdminPanel" name="test_admin_login_invalid_password" time="0.129" /><testcase classname="backend.tests.test_payment_system.TestAdminPanel" name="test_admin_stats_protected" time="0.104" /><testcase classname="backend.tests.test_payment_system.TestAdminPanel" name="test_admin_stats_authenticated" time="0.171" /><testcase classname="backend.tests.test_payment_system.TestAdminPanel" name="test_generate_codes_protected" time="0.124" /><testcase classname="backend.tests.test_payment_system.TestAdminPanel" name="test_generate_codes_authenticated" time="0.184" /><testcase classname="backend.tests.test_payment_system.TestAdminPanel" name="test_list_codes_authenticated" time="0.149" /><testcase classname="backend.tests.test_payment_system.TestLifetimeCodeActivation" name="test_activate_code_unauthenticated" time="0.098" /><testcase classname="backend.tests.test_payment_system.TestLifetimeCodeActivation" name="test_activate_invalid_code" time="0.156" /><testcase classname="backend.tests.test_payment_system.TestLifetimeCodeActivation" name="test_full_lifetime_code_flow" time="0.387" /><testcase classname="backend.tests.test_payment_system.TestLifetimeCodeActivation" name="test_code_cannot_be_reused" time="0.470" /><testcase classname="backend.tests.test_payment_system.TestCheckoutFlow" name="test_create_checkout_unauthenticated" time="0.132" /><testcase classname="backend.tests.test_payment_system.TestCheckoutFlow" name="test_create_checkout_invalid_plan" time="0.165" /><testcase classname="backend.tests.test_payment_system.TestCheckoutFlow" name="test_create_checkout_authenticated" time="0.661" /></testsuite></testsuites>