<?xml version="1.0" encoding="utf-8"?><testsuites name="pytest tests"><testsuite name="pytest" errors="0" failures="0" skipped="0" tests="21" time="14.165" timestamp="2026-02-11T20:37:07.594439+00:00" hostname="agent-env-dd44cae8-eeda-4b66-9195-847b432fe5ed"><testcase classname="backend.tests.test_api.TestHealthAndBasicEndpoints" name="test_api_root" time="0.060" /><testcase classname="backend.tests.test_api.TestMoodEndpoints" name="test_create_mood" time="0.058" /><testcase classname="backend.tests.test_api.TestMoodEndpoints" name="test_get_moods" time="0.042" /><testcase classname="backend.tests.test_api.TestMoodEndpoints" name="test_get_latest_mood" time="0.081" /><testcase classname="backend.tests.test_api.TestSacredTextEndpoints" name="test_get_sacred_text_serein" time="0.039" /><testcase classname="backend.tests.test_api.TestSacredTextEndpoints" name="test_get_sacred_text_melancolique" time="0.041" /><testcase classname="backend.tests.test_api.TestDailyNotifications" name="test_get_daily_notification" time="0.041" /><testcase classname="backend.tests.test_api.TestAstrologyProfileEndpoints" name="test_create_astrology_profile" time="12.982" /><testcase classname="backend.tests.test_api.TestAstrologyProfileEndpoints" name="test_create_astrology_profile_required_fields" time="0.140" /><testcase classname="backend.tests.test_api.TestAstrologyProfileEndpoints" name="test_get_latest_astrology_profile" time="0.036" /><testcase classname="backend.tests.test_api.TestAstrologyProfileEndpoints" name="test_invalid_date_format" time="0.040" /><testcase classname="backend.tests.test_api.TestAstrologyDataEndpoints" name="test_get_astrology_houses" time="0.037" /><testcase classname="backend.tests.test_api.TestAstrologyDataEndpoints" name="test_get_celtic_zodiac" time="0.037" /><testcase classname="backend.tests.test_api.TestAstrologyDataEndpoints" name="test_get_celtic_sign_for_date" time="0.040" /><testcase classname="backend.tests.test_api.TestAstrologyDataEndpoints" name="test_get_dream_symbols" time="0.037" /><testcase classname="backend.tests.test_api.TestBookRecommendations" name="test_get_book_recommendations" time="0.036" /><testcase classname="backend.tests.test_api.TestCapsuleEndpoints" name="test_create_capsule" time="0.041" /><testcase classname="backend.tests.test_api.TestCapsuleEndpoints" name="test_get_capsules" time="0.041" /><testcase classname="backend.tests.test_api.TestDreamEndpoints" name="test_create_dream" time="0.079" /><testcase classname="backend.tests.test_api.TestDreamEndpoints" name="test_get_dreams" time="0.080" /><testcase classname="backend.tests.test_api.TestWritingPrompts" name="test_get_prompts" time="0.043" /></testsuite></testsuites>